HIDDEN
OWNER_ID
ID
NAME_S
NAME
NOTES
FULL
BLOCKED
DELETED
SU_
SS_
SR_
OBJECT_
USERS
PASSWORD
CHANGED
COUNT_EP
WORKPLASES
OPERATIONS
OPWLINKS
OPRLINKS
OPGLINKS
OPGROUPS
ATTACHMENTS
LEVELS
FONT_STYLE
FONT_COLOR
CELL_COLOR
DATETIME
INFO
HOST
NETUSER
SYSLOG
CNT
_GROUPS
VARGROUPS
SP_SYS_USER_ADD_OPERATION
USER_ADD_OPERATION
TYPE
VALUE
DEF_
_INT
_REAL
_CHAR
REPORTS
FORM
SP_SYS_USER_UNLINK_ALL;1
ATTACHS
FILESIZE
FILETIME
FILEDATA
SENDED
ADDRESS
SM_MESSAGES
SM_HISTORY
MESSAGES
OPENED
CLOSED
TITLE
MESSAGE
PK_
FK_
