_LEBELS=_levels
name_S=name_s
workplASes=workplases
DATETIME DATETIME=[datetime] DATETIME
INfo=info
(DATETIME, id_operations, id_users, INfo)=([datetime], id_operations, id_users, info)
pASsword=password
FULLname=fullname
value_INT=value_int
value_REAL=value_real
ss_SETtings=ss_settings
SP_SYS_ADD_log=sp_sys_add_log
GETDATE()=GetDate()
convert(=Convert(
        =  
	=  
ss_syslog.DATETIME=ss_syslog.[datetime]
ss_syslog.[DATETIME]=ss_syslog.[datetime]
on(@id=on (@id
all(@id=all (@id
rs(@id=rs (@id
INTo=INTO
sENDed=sended
str255=VARCHAR(255)
str192=VARCHAR(192)
str128=VARCHAR(128)
str64=VARCHAR(64)
str32=VARCHAR(32)
str24=VARCHAR(24)
str16=VARCHAR(16)
str10=VARCHAR(10)
str5=VARCHAR(5)